SF:lib\data\api.dart
DA:12,1
DA:13,0
DA:17,0
DA:18,12
DA:26,0
DA:28,0
DA:29,0
DA:32,0
DA:33,0
DA:34,0
DA:38,1
DA:45,1
DA:46,1
DA:47,1
DA:48,1
DA:49,1
DA:50,1
DA:51,1
DA:56,0
DA:59,2
DA:62,1
DA:63,1
DA:64,2
DA:66,2
DA:67,2
DA:68,2
DA:69,2
DA:70,1
DA:71,2
DA:73,0
DA:77,2
DA:78,6
DA:79,2
DA:82,2
DA:85,0
DA:86,0
DA:87,0
DA:92,0
DA:94,0
DA:95,0
DA:96,0
DA:97,0
DA:99,0
DA:100,0
DA:102,0
DA:104,0
DA:107,0
DA:108,0
DA:109,0
DA:113,1
DA:114,1
DA:115,2
DA:116,1
DA:120,1
DA:125,2
DA:126,1
DA:127,1
DA:132,2
DA:133,4
DA:134,4
DA:135,2
DA:136,0
DA:138,4
DA:139,4
DA:140,4
DA:141,2
DA:142,4
DA:149,1
DA:156,2
DA:157,1
DA:158,1
DA:159,1
DA:163,1
DA:164,1
DA:165,1
DA:166,0
DA:170,0
DA:172,0
DA:174,0
DA:177,3
DA:182,3
DA:183,3
DA:184,3
DA:185,3
DA:186,3
DA:187,6
DA:190,2
DA:191,2
DA:192,2
DA:193,2
DA:194,2
DA:195,2
DA:203,2
DA:209,2
DA:211,3
DA:218,2
DA:219,2
DA:221,1
DA:222,1
DA:224,2
DA:229,3
DA:230,1
DA:232,4
DA:234,4
DA:235,6
DA:236,4
DA:237,4
DA:238,4
DA:239,8
DA:241,6
DA:242,0
DA:245,4
DA:247,1
DA:250,8
DA:251,3
DA:252,3
DA:253,3
DA:256,1
DA:257,1
DA:258,1
DA:259,0
DA:261,2
DA:266,2
DA:267,2
DA:268,0
DA:269,0
DA:272,2
DA:274,2
DA:275,1
DA:276,3
DA:278,1
DA:279,2
DA:280,3
DA:281,1
DA:282,5
DA:283,5
DA:284,2
DA:287,0
DA:288,0
DA:289,0
DA:292,0
DA:293,0
LF:142
LH:103
end_of_record
SF:lib\core\constants\app_constants.dart
DA:4,0
DA:25,4
DA:26,6
DA:28,0
DA:29,0
DA:30,0
DA:31,0
DA:34,0
DA:36,0
DA:42,0
DA:43,0
LF:11
LH:2
end_of_record
SF:lib\core\theme\app_theme.dart
DA:69,0
DA:71,0
DA:72,0
DA:73,0
DA:74,0
DA:75,0
DA:76,0
DA:80,0
DA:81,0
DA:82,0
DA:83,0
DA:88,10
DA:89,2
DA:91,5
DA:100,5
DA:105,5
DA:125,5
DA:136,5
DA:137,10
DA:193,5
DA:194,5
DA:207,5
DA:209,5
DA:213,10
DA:216,5
DA:217,5
DA:220,5
DA:221,5
DA:224,5
DA:225,5
DA:228,5
DA:229,5
DA:232,5
DA:233,5
DA:237,5
DA:238,5
DA:243,10
DA:247,5
DA:248,5
DA:252,10
DA:257,5
DA:258,5
DA:260,10
DA:264,5
DA:265,5
DA:267,5
DA:270,5
DA:271,5
DA:276,5
DA:277,0
DA:281,0
DA:284,5
DA:285,0
DA:287,0
DA:291,10
DA:299,5
DA:302,10
DA:312,5
DA:313,5
DA:316,5
DA:317,5
DA:321,10
DA:323,10
DA:325,5
LF:64
LH:49
end_of_record
SF:lib\features\auth\login_screen.dart
DA:13,1
DA:15,2
DA:16,2
DA:27,2
DA:29,4
DA:30,4
DA:31,2
DA:34,1
DA:35,3
DA:36,3
DA:38,5
DA:40,0
DA:42,4
DA:46,0
DA:47,0
DA:48,0
DA:50,0
DA:51,0
DA:52,0
DA:55,0
DA:57,0
DA:61,0
DA:62,0
DA:63,0
DA:64,0
DA:65,0
DA:66,0
DA:69,0
DA:70,0
DA:71,0
DA:72,0
DA:75,2
DA:76,2
DA:78,2
DA:80,2
DA:81,2
DA:82,2
DA:84,2
DA:86,2
DA:87,2
DA:89,2
DA:90,2
DA:91,2
DA:93,2
DA:99,2
DA:102,6
DA:105,2
DA:108,6
DA:111,2
DA:113,2
DA:115,2
DA:116,2
DA:118,2
DA:119,2
DA:120,2
DA:121,2
DA:122,2
DA:124,2
DA:125,2
DA:126,2
DA:127,2
DA:133,2
DA:142,2
DA:143,2
DA:144,4
DA:146,0
DA:148,0
DA:160,2
DA:161,2
DA:169,1
DA:170,3
DA:175,2
DA:176,2
DA:177,2
DA:179,2
DA:182,2
DA:183,5
DA:184,4
DA:187,2
DA:188,0
DA:189,0
DA:192,2
DA:194,2
DA:195,2
DA:196,2
DA:201,6
DA:203,2
DA:204,2
DA:205,8
DA:210,8
DA:214,2
DA:215,2
DA:216,2
DA:217,2
DA:220,2
DA:221,2
DA:223,2
DA:225,2
DA:228,6
DA:246,2
DA:256,2
DA:257,2
DA:264,2
DA:266,2
DA:267,2
DA:268,0
DA:269,0
DA:270,2
DA:271,0
DA:272,0
DA:273,0
DA:274,2
DA:275,4
DA:277,2
DA:279,4
DA:280,2
DA:281,2
DA:282,2
DA:283,0
DA:284,0
DA:285,0
DA:292,2
DA:293,8
DA:294,2
DA:296,2
DA:298,2
DA:299,4
DA:300,0
DA:306,2
DA:310,2
DA:313,2
DA:324,2
DA:325,6
DA:326,10
LF:134
LH:102
end_of_record
SF:lib\features\auth\register_screen.dart
DA:9,2
DA:10,2
DA:23,1
DA:24,9
DA:27,1
DA:28,3
DA:29,3
DA:30,3
DA:32,1
DA:33,2
DA:34,2
DA:35,2
DA:36,2
DA:37,1
DA:39,1
DA:43,0
DA:47,1
DA:48,1
DA:53,0
DA:55,0
DA:57,0
DA:61,1
DA:62,1
DA:64,1
DA:66,1
DA:67,1
DA:68,1
DA:70,1
DA:72,1
DA:73,1
DA:75,1
DA:76,1
DA:77,1
DA:79,1
DA:80,1
DA:81,1
DA:82,1
DA:84,1
DA:85,1
DA:96,1
DA:99,3
DA:102,1
DA:105,3
DA:108,1
DA:110,1
DA:112,1
DA:113,1
DA:115,1
DA:116,1
DA:117,1
DA:118,1
DA:119,1
DA:126,1
DA:127,1
DA:128,1
DA:130,1
DA:131,1
DA:132,1
DA:133,1
DA:152,1
DA:153,1
DA:159,4
DA:162,1
DA:163,1
DA:169,4
DA:174,1
DA:175,1
DA:184,1
DA:185,1
DA:186,1
DA:187,1
DA:191,1
DA:192,0
DA:193,2
DA:196,3
DA:199,1
DA:200,1
DA:201,1
DA:202,1
DA:206,1
DA:207,1
DA:209,5
DA:217,3
LF:83
LH:78
end_of_record
SF:lib\core\navigation\smooth_page_route.dart
DA:4,0
DA:8,0
DA:11,0
DA:12,0
DA:13,0
DA:14,0
DA:19,0
DA:20,0
DA:23,0
DA:24,0
DA:25,0
DA:27,0
DA:29,0
LF:13
LH:0
end_of_record
SF:lib\core\widgets\premium_ui.dart
DA:9,2
DA:18,2
DA:19,2
DA:32,2
DA:34,2
DA:35,4
DA:36,4
DA:39,2
DA:42,2
DA:43,6
DA:44,4
DA:45,8
DA:47,0
DA:48,0
DA:52,2
DA:54,2
DA:55,2
DA:58,2
DA:60,2
DA:61,8
DA:64,2
DA:66,4
DA:67,4
DA:68,2
DA:71,2
DA:73,2
DA:74,2
DA:77,0
DA:78,0
DA:79,0
DA:80,0
DA:81,0
DA:82,0
DA:83,0
DA:85,0
DA:86,0
DA:89,2
DA:91,2
DA:93,2
DA:103,2
DA:104,2
DA:105,4
DA:106,2
DA:107,2
DA:108,4
DA:109,2
DA:110,8
DA:117,2
DA:118,2
DA:119,2
DA:120,4
DA:121,2
DA:122,2
DA:123,14
DA:125,2
DA:126,2
DA:134,4
DA:143,2
DA:148,2
DA:150,2
DA:154,12
DA:155,4
DA:156,4
DA:157,2
DA:159,4
DA:160,4
DA:161,4
DA:162,4
DA:163,20
DA:164,8
DA:165,6
DA:166,8
DA:167,4
DA:168,2
DA:169,10
DA:175,2
DA:176,4
DA:177,18
DA:180,4
DA:181,4
DA:184,2
DA:186,12
DA:190,2
DA:201,2
DA:203,4
DA:204,2
DA:206,2
DA:207,2
DA:208,2
DA:209,2
DA:212,2
DA:213,2
DA:214,2
DA:215,2
DA:221,2
DA:222,2
DA:223,2
DA:227,2
DA:229,2
DA:230,2
DA:231,2
DA:233,2
DA:240,6
DA:250,2
DA:261,2
DA:262,2
DA:265,2
DA:266,2
DA:267,2
DA:268,2
DA:269,8
DA:270,2
DA:271,2
DA:272,2
DA:273,4
DA:274,4
DA:276,2
DA:277,2
DA:278,4
DA:283,2
DA:293,0
DA:296,0
DA:297,0
DA:298,0
DA:299,0
DA:300,0
DA:301,0
DA:302,0
DA:309,0
DA:310,0
DA:311,0
DA:312,0
DA:318,0
DA:320,0
DA:328,0
DA:339,0
DA:340,0
DA:341,0
DA:342,0
DA:343,0
DA:344,0
DA:345,0
DA:346,0
DA:347,0
DA:349,0
DA:350,0
DA:355,0
DA:360,0
DA:373,0
DA:374,0
DA:379,0
DA:381,0
DA:382,0
DA:383,0
DA:386,0
DA:387,0
DA:388,0
DA:391,0
DA:392,0
DA:393,0
DA:394,0
DA:395,0
DA:397,0
DA:398,0
DA:399,0
DA:400,0
DA:401,0
DA:402,0
DA:406,0
DA:408,0
DA:409,0
DA:410,0
DA:411,0
DA:412,0
DA:413,0
DA:414,0
DA:415,0
DA:416,0
DA:417,0
DA:419,0
DA:420,0
DA:422,0
DA:432,0
DA:435,0
DA:436,0
DA:437,0
DA:440,0
DA:441,0
DA:442,0
DA:461,0
DA:472,0
DA:473,0
DA:474,0
DA:475,0
DA:476,0
DA:477,0
DA:478,0
DA:480,0
DA:481,0
DA:485,0
DA:490,2
DA:501,2
DA:502,2
DA:503,2
DA:504,2
DA:506,8
DA:508,2
DA:509,6
DA:511,0
DA:512,0
DA:513,0
DA:514,2
DA:516,2
DA:517,8
DA:522,2
LF:215
LH:121
end_of_record
SF:lib\features\auth\forgot_password_screen.dart
DA:11,0
DA:15,0
DA:16,0
DA:34,0
DA:36,0
DA:37,0
DA:40,0
DA:42,0
DA:43,0
DA:44,0
DA:45,0
DA:46,0
DA:49,0
DA:50,0
DA:52,0
DA:53,0
DA:54,0
DA:56,0
DA:57,0
DA:58,0
DA:59,0
DA:60,0
DA:61,0
DA:63,0
DA:65,0
DA:69,0
DA:70,0
DA:71,0
DA:73,0
DA:74,0
DA:75,0
DA:76,0
DA:77,0
DA:78,0
DA:79,0
DA:81,0
DA:83,0
DA:87,0
DA:88,0
DA:89,0
DA:91,0
DA:92,0
DA:93,0
DA:94,0
DA:96,0
DA:97,0
DA:99,0
DA:101,0
DA:105,0
DA:106,0
DA:108,0
DA:110,0
DA:111,0
DA:112,0
DA:114,0
DA:116,0
DA:118,0
DA:119,0
DA:121,0
DA:123,0
DA:128,0
DA:129,0
DA:134,0
DA:135,0
DA:138,0
DA:139,0
DA:141,0
DA:144,0
DA:145,0
DA:146,0
DA:147,0
DA:159,0
DA:162,0
DA:163,0
DA:164,0
DA:166,0
DA:172,0
DA:174,0
DA:176,0
DA:179,0
DA:180,0
DA:188,0
DA:189,0
DA:190,0
DA:194,0
DA:196,0
DA:199,0
DA:206,0
DA:209,0
DA:210,0
DA:211,0
DA:213,0
DA:214,0
DA:215,0
DA:216,0
DA:219,0
DA:220,0
DA:221,0
DA:226,0
DA:227,0
DA:229,0
DA:230,0
DA:232,0
DA:239,0
DA:240,0
DA:241,0
DA:243,0
DA:245,0
DA:247,0
DA:248,0
DA:249,0
DA:250,0
DA:252,0
DA:253,0
DA:256,0
DA:257,0
DA:259,0
DA:266,0
DA:267,0
DA:268,0
DA:279,0
DA:283,0
DA:284,0
DA:285,0
DA:286,0
DA:288,0
DA:292,0
DA:293,0
DA:294,0
DA:297,0
DA:301,0
DA:302,0
DA:303,0
DA:304,0
DA:305,0
DA:308,0
DA:309,0
DA:310,0
DA:313,0
DA:314,0
DA:315,0
DA:318,0
DA:319,0
DA:320,0
DA:321,0
DA:322,0
DA:331,0
DA:334,0
DA:335,0
DA:336,0
DA:337,0
DA:338,0
DA:342,0
DA:343,0
DA:346,0
DA:347,0
DA:349,0
DA:350,0
DA:351,0
DA:361,0
DA:363,0
DA:366,0
DA:369,0
DA:371,0
DA:372,0
LF:165
LH:0
end_of_record
SF:lib\widgets\design.dart
DA:15,2
DA:23,2
DA:24,2
DA:31,2
DA:33,2
DA:34,2
DA:35,4
DA:37,2
DA:39,0
DA:40,0
DA:41,2
DA:43,0
DA:44,0
DA:45,0
DA:48,2
DA:49,4
DA:50,4
DA:51,0
DA:52,0
DA:53,0
DA:56,2
DA:57,4
DA:58,4
DA:59,4
DA:60,2
DA:67,2
DA:69,2
DA:70,2
DA:71,2
DA:72,2
DA:73,4
DA:76,2
DA:77,4
DA:83,2
DA:85,2
DA:86,2
DA:87,2
DA:88,2
DA:91,2
DA:92,2
DA:93,0
DA:96,2
DA:99,2
DA:100,2
DA:105,2
DA:109,4
DA:110,10
DA:111,0
DA:112,0
DA:114,0
DA:115,0
DA:116,0
DA:133,3
DA:139,4
DA:140,4
DA:141,4
DA:142,4
DA:146,8
DA:147,12
DA:148,12
DA:150,4
DA:151,4
DA:152,4
DA:153,4
DA:154,12
DA:156,8
DA:165,4
DA:167,4
DA:168,4
DA:169,8
DA:170,8
DA:171,4
DA:172,8
DA:173,8
DA:174,4
DA:175,4
DA:176,4
DA:180,16
DA:193,0
DA:201,1
DA:202,1
DA:203,1
DA:206,1
DA:207,1
DA:217,1
DA:218,1
DA:219,1
DA:222,1
DA:224,1
DA:226,1
DA:227,1
DA:228,1
DA:229,1
DA:230,1
DA:231,2
DA:244,1
DA:245,1
DA:254,1
DA:255,1
DA:258,1
DA:268,1
DA:270,1
DA:271,1
DA:278,1
DA:280,1
DA:281,1
DA:282,0
DA:285,0
DA:286,0
DA:287,0
DA:291,0
DA:292,0
DA:293,0
DA:294,0
DA:295,0
DA:296,0
DA:297,0
DA:298,0
DA:302,1
DA:306,1
DA:307,1
DA:308,2
DA:309,2
DA:310,2
DA:311,2
DA:318,3
DA:322,1
DA:323,1
DA:324,1
DA:325,1
DA:326,1
DA:328,1
DA:330,1
DA:331,3
DA:332,2
DA:346,0
DA:354,0
DA:355,0
DA:357,0
DA:358,0
DA:359,0
DA:361,0
DA:363,0
DA:364,0
DA:375,3
DA:382,3
DA:383,3
DA:384,3
DA:385,3
DA:386,3
DA:392,2
DA:399,2
DA:402,2
DA:403,2
DA:404,2
DA:406,2
DA:411,4
DA:414,2
DA:419,2
DA:426,2
DA:434,2
DA:441,2
DA:442,4
DA:443,2
DA:444,2
DA:445,4
DA:448,2
DA:451,2
DA:454,1
DA:461,2
DA:471,2
DA:473,6
DA:474,2
DA:475,2
DA:476,8
DA:477,1
DA:478,1
DA:481,2
DA:482,2
DA:483,2
DA:487,4
DA:488,6
DA:489,6
DA:491,2
DA:494,2
DA:495,2
DA:497,4
DA:498,2
DA:499,2
DA:500,2
DA:504,4
DA:507,2
DA:509,2
DA:510,2
DA:513,2
DA:514,2
DA:515,2
DA:517,2
DA:520,2
DA:521,2
DA:523,2
DA:524,10
DA:526,10
DA:537,2
DA:543,2
DA:545,4
DA:547,2
DA:549,2
DA:552,8
DA:554,8
DA:557,2
DA:558,2
DA:559,2
DA:560,2
DA:571,0
DA:573,0
DA:574,0
DA:576,0
DA:577,0
DA:578,0
DA:579,0
DA:590,0
DA:592,0
DA:594,0
DA:595,0
DA:596,0
DA:597,0
DA:598,0
DA:605,0
DA:606,0
DA:607,0
DA:608,0
DA:616,0
DA:617,0
DA:619,0
DA:620,0
DA:622,0
DA:624,0
DA:630,0
DA:633,0
DA:634,0
DA:635,0
DA:636,0
DA:650,0
DA:652,1
DA:653,1
DA:656,1
DA:658,1
DA:659,1
DA:660,1
DA:661,1
DA:662,1
DA:663,4
DA:664,1
DA:665,1
DA:666,1
DA:667,2
DA:669,1
DA:670,1
DA:671,2
DA:676,1
DA:682,1
DA:684,0
DA:686,0
DA:687,0
DA:690,0
DA:705,4
DA:713,4
DA:714,4
DA:721,4
DA:723,16
DA:724,4
DA:725,4
DA:726,0
DA:727,0
DA:728,4
DA:729,12
DA:730,16
DA:731,0
DA:732,4
DA:733,8
DA:735,4
DA:737,8
DA:738,4
DA:739,4
DA:742,4
DA:743,4
DA:744,8
DA:745,4
DA:746,8
DA:749,2
DA:751,4
DA:752,4
DA:756,8
DA:757,8
DA:763,4
DA:765,4
DA:766,9
DA:767,3
DA:770,16
DA:785,0
DA:787,0
DA:788,0
DA:789,0
DA:790,0
DA:791,0
DA:792,0
DA:793,0
DA:794,0
DA:795,0
DA:801,0
DA:802,0
DA:803,0
DA:809,0
DA:811,0
DA:812,0
DA:814,0
DA:815,0
DA:819,0
DA:821,0
DA:822,0
DA:823,0
DA:824,0
DA:826,0
DA:827,0
DA:828,0
DA:829,0
DA:830,0
DA:831,0
DA:832,0
DA:833,0
DA:834,0
DA:836,0
DA:837,0
DA:838,0
DA:839,0
DA:840,0
DA:841,0
DA:842,0
DA:843,0
DA:844,0
DA:848,0
DA:856,0
DA:858,0
DA:859,0
DA:860,0
DA:862,0
DA:863,0
DA:869,0
DA:870,0
DA:872,0
DA:873,0
DA:874,0
DA:875,0
DA:877,0
DA:888,0
DA:891,0
DA:892,0
DA:893,0
DA:894,0
DA:901,0
DA:902,0
DA:903,0
DA:904,0
DA:928,0
DA:935,1
DA:936,1
DA:937,1
DA:938,2
DA:939,1
DA:940,2
DA:941,2
DA:943,1
DA:945,1
DA:946,2
DA:948,1
DA:949,1
DA:951,1
DA:953,0
DA:955,0
DA:956,0
DA:958,0
DA:966,1
DA:967,3
DA:971,1
DA:973,1
DA:974,1
DA:975,1
DA:978,1
DA:979,1
DA:980,1
DA:982,1
DA:985,1
DA:986,1
DA:988,1
DA:989,2
DA:991,1
DA:994,1
DA:995,2
DA:996,1
DA:999,3
DA:1017,0
DA:1024,0
DA:1025,0
DA:1026,0
DA:1027,0
DA:1028,0
DA:1031,0
DA:1032,0
DA:1038,0
DA:1039,0
DA:1041,0
DA:1042,0
DA:1043,0
DA:1046,0
DA:1048,0
DA:1053,0
DA:1054,0
DA:1056,0
DA:1063,0
DA:1064,0
DA:1066,0
DA:1067,0
DA:1068,0
DA:1070,0
DA:1076,0
DA:1079,0
DA:1080,0
DA:1099,0
DA:1100,0
DA:1102,0
DA:1113,1
DA:1115,1
DA:1118,3
DA:1119,1
DA:1121,1
DA:1122,3
DA:1123,1
DA:1124,2
DA:1125,2
DA:1126,0
DA:1131,0
DA:1133,0
DA:1134,0
DA:1135,0
DA:1136,0
DA:1138,0
DA:1139,0
DA:1140,0
DA:1141,0
DA:1142,0
DA:1143,0
DA:1146,0
DA:1147,0
DA:1148,0
DA:1150,0
DA:1151,0
DA:1152,0
DA:1154,0
DA:1156,0
DA:1158,0
DA:1159,0
DA:1160,0
DA:1172,0
DA:1175,0
DA:1176,0
DA:1177,0
DA:1178,0
DA:1179,0
DA:1182,0
DA:1184,0
DA:1200,0
DA:1202,0
DA:1211,1
DA:1220,1
DA:1222,1
DA:1223,1
DA:1224,1
DA:1225,1
DA:1226,1
DA:1228,1
DA:1230,1
DA:1231,1
DA:1232,1
DA:1233,2
DA:1235,1
DA:1236,1
DA:1237,1
DA:1244,0
DA:1262,0
DA:1263,0
DA:1264,0
DA:1265,0
DA:1266,0
DA:1267,0
DA:1269,0
DA:1270,0
DA:1273,0
DA:1276,0
DA:1277,0
DA:1278,0
DA:1279,0
DA:1283,0
DA:1291,0
DA:1311,0
DA:1313,0
DA:1314,0
DA:1315,0
DA:1316,0
DA:1317,0
DA:1318,0
DA:1319,0
DA:1320,0
DA:1323,0
DA:1327,0
DA:1328,0
DA:1329,0
DA:1330,0
DA:1335,0
DA:1341,0
DA:1345,0
DA:1347,0
DA:1348,0
DA:1353,0
DA:1355,0
DA:1357,0
DA:1358,0
DA:1360,0
DA:1363,0
DA:1364,0
DA:1365,0
DA:1366,0
DA:1367,0
DA:1368,0
DA:1370,0
DA:1371,0
DA:1372,0
DA:1373,0
DA:1374,0
DA:1376,0
DA:1377,0
DA:1378,0
DA:1382,0
DA:1383,0
DA:1388,0
DA:1392,0
DA:1402,0
DA:1415,0
DA:1417,0
DA:1418,0
DA:1419,0
DA:1420,0
DA:1421,0
DA:1422,0
DA:1423,0
DA:1424,0
DA:1425,0
DA:1427,0
DA:1428,0
DA:1430,0
DA:1431,0
DA:1435,0
DA:1439,0
DA:1450,0
DA:1453,0
DA:1454,0
DA:1461,0
DA:1463,0
DA:1464,0
DA:1467,0
DA:1469,0
DA:1470,0
DA:1471,0
DA:1472,0
DA:1473,0
DA:1474,0
DA:1478,0
DA:1480,0
DA:1481,0
DA:1484,0
DA:1485,0
DA:1488,0
DA:1489,0
DA:1490,0
DA:1491,0
DA:1492,0
DA:1493,0
DA:1494,0
DA:1495,0
DA:1496,0
DA:1497,0
DA:1498,0
DA:1501,0
DA:1504,0
DA:1507,0
DA:1508,0
DA:1509,0
DA:1510,0
DA:1511,0
DA:1512,0
DA:1514,0
DA:1515,0
DA:1516,0
DA:1531,0
DA:1545,0
DA:1546,0
DA:1547,0
DA:1548,0
DA:1550,0
DA:1551,0
DA:1552,0
DA:1558,0
DA:1562,0
DA:1564,0
DA:1565,0
DA:1566,0
DA:1567,0
DA:1568,0
DA:1569,0
DA:1570,0
DA:1572,0
DA:1574,0
DA:1580,0
DA:1589,0
DA:1591,0
DA:1592,0
DA:1593,0
DA:1594,0
DA:1595,0
DA:1596,0
DA:1598,0
DA:1599,0
DA:1600,0
DA:1601,0
DA:1603,0
DA:1604,0
DA:1605,0
DA:1606,0
DA:1607,0
DA:1609,0
DA:1613,0
DA:1618,0
DA:1619,0
DA:1628,0
DA:1629,0
DA:1630,0
LF:646
LH:283
end_of_record
SF:lib\features\home\forms.dart
DA:9,1
DA:10,2
DA:20,6
DA:22,1
DA:23,3
DA:24,0
DA:26,0
DA:27,0
DA:28,0
DA:29,0
DA:31,0
DA:33,0
DA:35,0
DA:39,1
DA:40,1
DA:41,1
DA:42,1
DA:44,1
DA:45,1
DA:47,1
DA:49,1
DA:50,1
DA:51,2
DA:52,1
DA:53,1
DA:56,1
DA:57,1
DA:58,1
DA:64,1
DA:65,1
DA:68,3
DA:71,1
DA:72,1
DA:79,4
DA:81,1
DA:84,4
DA:85,1
DA:86,2
DA:87,1
DA:88,1
DA:91,1
DA:93,2
DA:96,3
DA:97,4
DA:104,3
DA:115,1
DA:116,2
DA:123,4
DA:125,1
DA:126,3
DA:127,0
DA:129,0
DA:130,0
DA:132,0
DA:134,0
DA:138,1
DA:139,1
DA:140,1
DA:141,1
DA:143,1
DA:144,1
DA:145,2
DA:148,4
DA:152,1
DA:153,1
DA:157,3
DA:160,3
DA:171,1
DA:172,2
DA:176,4
DA:177,4
DA:178,4
DA:182,8
DA:184,1
DA:185,3
DA:186,0
DA:188,0
DA:189,0
DA:190,0
DA:191,0
DA:193,0
DA:195,0
DA:197,0
DA:201,1
DA:202,1
DA:203,1
DA:204,1
DA:206,1
DA:207,1
DA:208,2
DA:209,1
DA:210,1
DA:213,4
DA:216,2
DA:219,2
DA:221,3
DA:230,1
DA:231,2
DA:238,4
DA:240,1
DA:241,1
DA:242,1
DA:243,1
DA:244,0
DA:246,2
DA:247,2
DA:250,1
DA:251,3
DA:252,0
DA:254,0
DA:255,0
DA:257,0
DA:259,0
DA:261,0
DA:265,1
DA:266,1
DA:267,1
DA:268,1
DA:270,1
DA:271,1
DA:273,1
DA:275,1
DA:276,1
DA:277,2
DA:278,1
DA:279,1
DA:282,1
DA:283,1
DA:284,1
DA:290,4
DA:297,1
DA:299,2
DA:306,1
DA:307,1
DA:315,1
DA:320,3
DA:334,0
DA:340,0
DA:341,0
DA:362,0
DA:363,0
DA:364,0
DA:366,0
DA:367,0
DA:368,0
DA:369,0
DA:370,0
DA:371,0
DA:375,0
DA:377,0
DA:378,0
DA:379,0
DA:380,0
DA:381,0
DA:382,0
DA:383,0
DA:386,0
DA:387,0
DA:389,0
DA:390,0
DA:391,0
DA:392,0
DA:393,0
DA:394,0
DA:395,0
DA:396,0
DA:397,0
DA:398,0
DA:399,0
DA:400,0
DA:401,0
DA:402,0
DA:403,0
DA:404,0
DA:405,0
DA:407,0
DA:408,0
DA:409,0
DA:410,0
DA:411,0
DA:412,0
DA:413,0
DA:419,0
DA:421,0
DA:422,0
DA:423,0
DA:424,0
DA:427,0
DA:428,0
DA:429,0
DA:432,0
DA:433,0
DA:434,0
DA:435,0
DA:436,0
DA:437,0
DA:439,0
DA:442,0
DA:443,0
DA:444,0
DA:445,0
DA:446,0
DA:450,0
DA:451,0
DA:452,0
DA:453,0
DA:454,0
DA:455,0
DA:456,0
DA:457,0
DA:459,0
DA:460,0
DA:461,0
DA:463,0
DA:464,0
DA:466,0
DA:467,0
DA:468,0
DA:470,0
DA:471,0
DA:472,0
DA:473,0
DA:475,0
DA:476,0
DA:478,0
DA:479,0
DA:480,0
DA:484,0
DA:487,0
DA:490,0
DA:492,0
DA:493,0
DA:494,0
DA:495,0
DA:497,0
DA:498,0
DA:499,0
DA:500,0
DA:501,0
DA:502,0
DA:505,0
DA:506,0
DA:508,0
DA:510,0
DA:512,0
DA:514,0
DA:518,0
DA:519,0
DA:520,0
DA:521,0
DA:524,0
DA:526,0
DA:527,0
DA:528,0
DA:529,0
DA:531,0
DA:532,0
DA:535,0
DA:536,0
DA:537,0
DA:538,0
DA:539,0
DA:540,0
DA:541,0
DA:545,0
DA:546,0
DA:547,0
DA:550,0
DA:552,0
DA:553,0
DA:554,0
DA:555,0
DA:556,0
DA:558,0
DA:559,0
DA:560,0
DA:562,0
DA:565,0
DA:566,0
DA:567,0
DA:572,0
DA:576,0
DA:577,0
DA:578,0
DA:580,0
DA:582,0
DA:583,0
DA:584,0
DA:586,0
DA:587,0
DA:589,0
DA:592,0
DA:593,0
DA:594,0
DA:596,0
DA:597,0
DA:607,0
DA:608,0
DA:610,0
DA:611,0
DA:618,0
DA:621,0
DA:622,0
DA:624,0
DA:625,0
DA:633,0
DA:634,0
DA:642,0
DA:645,0
DA:646,0
DA:647,0
DA:648,0
DA:649,0
DA:652,0
DA:653,0
DA:654,0
DA:655,0
DA:656,0
DA:658,0
DA:659,0
DA:660,0
DA:666,0
DA:667,0
DA:669,0
DA:670,0
DA:671,0
DA:672,0
DA:673,0
DA:676,0
DA:677,0
DA:680,0
DA:682,0
DA:683,0
DA:684,0
DA:685,0
DA:686,0
DA:688,0
DA:693,0
DA:698,0
DA:699,0
DA:702,0
DA:704,0
DA:707,0
DA:708,0
DA:711,0
DA:712,0
DA:714,0
DA:721,0
DA:722,0
DA:724,0
DA:725,0
DA:728,0
DA:730,0
DA:732,0
DA:733,0
DA:740,0
DA:741,0
DA:748,0
DA:749,0
DA:750,0
DA:751,0
DA:759,0
DA:760,0
DA:762,0
DA:763,0
DA:764,0
DA:765,0
DA:766,0
DA:767,0
DA:768,0
DA:769,0
DA:770,0
DA:771,0
DA:772,0
DA:773,0
DA:775,0
DA:777,0
DA:778,0
DA:779,0
DA:781,0
DA:782,0
DA:783,0
DA:785,0
DA:788,0
DA:789,0
DA:790,0
DA:792,0
DA:793,0
DA:794,0
DA:799,0
DA:800,0
DA:802,0
DA:803,0
DA:804,0
DA:806,0
DA:807,0
DA:808,0
DA:809,0
DA:812,0
DA:814,0
DA:815,0
DA:816,0
DA:817,0
DA:819,0
DA:820,0
DA:821,0
DA:833,0
DA:834,0
DA:836,0
DA:838,0
DA:839,0
DA:844,0
DA:845,0
DA:846,0
DA:848,0
DA:849,0
DA:851,0
DA:852,0
DA:853,0
DA:854,0
DA:855,0
DA:856,0
DA:857,0
DA:858,0
DA:864,0
DA:866,0
DA:867,0
DA:869,0
DA:873,0
DA:874,0
DA:875,0
DA:877,0
DA:878,0
DA:879,0
DA:880,0
DA:881,0
DA:883,0
DA:894,0
DA:895,0
DA:896,0
DA:901,0
DA:903,0
DA:905,0
DA:906,0
DA:910,0
DA:911,0
DA:918,0
DA:919,0
DA:920,0
DA:922,0
DA:923,0
LF:451
LH:108
end_of_record
SF:lib\core\widgets\reference_ui.dart
DA:10,0
DA:27,0
DA:29,0
DA:30,0
DA:31,0
DA:37,0
DA:38,0
DA:39,0
DA:41,0
DA:44,0
DA:46,0
DA:47,0
DA:50,0
DA:53,0
DA:55,0
DA:56,0
DA:57,0
DA:65,0
DA:67,0
DA:68,0
DA:70,0
DA:71,0
DA:74,0
DA:75,0
DA:76,0
DA:78,0
DA:81,0
DA:82,0
DA:84,0
DA:85,0
DA:87,0
DA:94,0
DA:95,0
DA:97,0
DA:100,0
DA:105,0
DA:106,0
DA:109,0
DA:115,0
DA:117,0
DA:120,0
DA:121,0
DA:122,0
DA:123,0
DA:124,0
DA:130,0
DA:131,0
DA:132,0
DA:139,0
DA:140,0
DA:141,0
DA:151,0
DA:152,0
DA:158,0
DA:173,0
DA:174,0
DA:175,0
DA:176,0
DA:178,0
DA:181,0
DA:182,0
DA:187,0
DA:189,0
DA:192,0
DA:193,0
DA:199,0
DA:201,0
DA:203,0
DA:204,0
DA:206,0
DA:217,0
DA:233,0
DA:234,0
DA:236,0
DA:237,0
DA:238,0
DA:242,0
DA:244,0
DA:246,0
DA:247,0
DA:248,0
DA:249,0
DA:251,0
DA:252,0
DA:253,0
DA:256,0
DA:258,0
DA:265,0
DA:268,0
DA:269,0
DA:270,0
DA:271,0
DA:273,0
DA:276,0
DA:281,0
DA:282,0
DA:285,0
DA:295,0
DA:316,0
DA:318,0
DA:319,0
DA:320,0
DA:327,0
DA:328,0
DA:329,0
DA:331,0
DA:333,0
DA:334,0
DA:335,0
DA:336,0
DA:338,0
DA:340,0
DA:341,0
DA:343,0
DA:344,0
DA:347,0
DA:349,0
DA:350,0
DA:352,0
DA:353,0
DA:355,0
DA:358,0
DA:363,0
DA:364,0
DA:366,0
DA:367,0
DA:368,0
DA:371,0
DA:374,0
DA:379,0
DA:381,0
DA:382,0
DA:383,0
DA:385,0
DA:387,0
DA:388,0
DA:389,0
DA:392,0
DA:393,0
DA:394,0
DA:402,0
DA:404,0
DA:405,0
DA:408,0
DA:409,0
DA:410,0
DA:411,0
DA:412,0
DA:413,0
DA:416,0
DA:419,0
DA:421,0
DA:424,0
DA:425,0
DA:427,0
DA:430,0
DA:432,0
DA:439,0
DA:441,0
DA:442,0
DA:444,0
DA:445,0
DA:446,0
DA:450,0
DA:451,0
DA:455,0
DA:456,0
DA:457,0
DA:458,0
DA:475,0
DA:492,0
DA:494,0
DA:495,0
DA:497,0
DA:498,0
DA:499,0
DA:500,0
DA:501,0
DA:502,0
DA:503,0
DA:505,0
DA:506,0
DA:507,0
DA:510,0
DA:513,0
DA:516,0
DA:517,0
DA:518,0
DA:522,0
DA:523,0
DA:525,0
DA:526,0
DA:527,0
DA:529,0
DA:535,0
DA:536,0
DA:537,0
DA:550,0
DA:567,0
DA:568,0
DA:571,0
DA:572,0
DA:573,0
DA:576,0
DA:579,0
DA:581,0
DA:582,0
DA:586,0
DA:588,0
DA:589,0
DA:591,0
DA:597,0
DA:599,0
DA:600,0
DA:611,0
DA:612,0
DA:613,0
DA:615,0
DA:619,0
DA:620,0
DA:621,0
DA:622,0
DA:623,0
DA:629,0
DA:630,0
DA:631,0
DA:646,0
DA:652,0
DA:653,0
DA:655,0
DA:656,0
DA:657,0
DA:658,0
DA:660,0
DA:662,0
DA:663,0
DA:665,0
DA:668,0
DA:669,0
DA:670,0
DA:679,0
DA:690,0
DA:691,0
DA:693,0
DA:695,0
DA:696,0
DA:697,0
DA:698,0
DA:699,0
DA:705,0
DA:706,0
DA:707,0
DA:708,0
DA:709,0
DA:710,0
DA:712,0
DA:713,0
DA:714,0
DA:715,0
DA:716,0
DA:717,0
DA:720,0
DA:721,0
DA:722,0
DA:723,0
DA:726,0
DA:728,0
DA:731,0
DA:743,0
DA:756,0
DA:757,0
DA:758,0
DA:759,0
DA:760,0
DA:761,0
DA:765,0
DA:766,0
DA:767,0
DA:775,0
DA:788,0
DA:789,0
DA:795,0
DA:797,0
DA:798,0
DA:801,0
DA:803,0
DA:804,0
DA:807,0
DA:808,0
DA:810,0
DA:812,0
DA:813,0
DA:814,0
DA:816,0
DA:818,0
DA:820,0
DA:822,0
DA:823,0
DA:824,0
DA:825,0
DA:828,0
DA:831,0
DA:832,0
DA:833,0
DA:840,0
DA:842,0
DA:843,0
DA:845,0
DA:848,0
DA:851,0
DA:852,0
DA:854,0
DA:856,0
DA:862,0
DA:864,0
DA:865,0
DA:881,1
DA:885,0
DA:886,0
DA:887,0
DA:888,0
DA:890,0
LF:322
LH:1
end_of_record
SF:lib\features\help\quick_guide_screen.dart
DA:9,1
DA:13,1
DA:14,1
DA:76,1
DA:77,2
DA:78,1
DA:79,1
DA:81,3
DA:84,1
DA:86,2
DA:87,1
DA:90,1
DA:92,1
DA:94,1
DA:95,1
DA:96,1
DA:97,1
DA:98,1
DA:100,1
DA:101,1
DA:102,1
DA:103,0
DA:108,1
DA:109,4
DA:110,3
DA:115,1
DA:116,1
DA:117,1
DA:118,1
DA:119,4
DA:120,3
DA:123,1
DA:125,1
DA:126,1
DA:127,1
DA:129,1
DA:130,1
DA:131,2
DA:132,1
DA:136,2
DA:138,1
DA:139,4
DA:140,1
DA:146,1
DA:147,1
DA:148,3
DA:149,1
DA:150,1
DA:151,0
DA:161,1
DA:163,1
DA:164,4
DA:165,4
DA:166,4
DA:167,1
DA:168,3
DA:188,1
DA:191,1
DA:192,1
DA:194,1
DA:195,1
DA:197,1
DA:199,1
DA:200,1
DA:201,1
DA:203,1
DA:205,1
DA:206,1
DA:207,1
DA:208,3
DA:210,1
DA:211,1
DA:213,1
DA:214,1
DA:215,2
DA:224,6
DA:231,6
DA:237,3
DA:239,1
DA:241,1
DA:243,1
DA:244,4
DA:246,6
DA:247,5
DA:248,6
DA:250,1
DA:251,1
DA:253,1
DA:254,1
DA:255,1
DA:256,2
DA:258,1
DA:260,1
DA:263,4
DA:278,1
DA:282,1
DA:283,1
DA:285,1
DA:286,1
DA:289,1
DA:291,1
DA:292,1
DA:293,2
DA:297,3
DA:300,4
DA:306,1
DA:307,1
DA:308,1
DA:310,2
DA:317,1
DA:320,1
DA:322,1
DA:323,1
DA:325,1
DA:326,1
DA:327,3
DA:328,3
DA:329,1
DA:330,2
DA:331,2
DA:334,1
DA:335,1
DA:336,1
DA:337,1
DA:338,1
DA:340,3
DA:342,1
DA:345,1
DA:346,2
DA:347,1
DA:351,1
DA:353,2
DA:354,1
DA:355,1
DA:356,1
DA:357,1
DA:358,1
DA:370,1
DA:371,1
DA:372,1
DA:374,1
DA:377,1
DA:379,2
DA:411,1
DA:412,1
DA:413,1
DA:415,1
DA:424,1
DA:425,1
DA:427,1
DA:435,1
DA:436,1
DA:437,1
DA:439,1
DA:456,1
DA:457,1
DA:458,1
DA:460,1
DA:463,1
DA:465,1
DA:466,1
DA:467,1
DA:491,1
DA:494,1
DA:495,1
DA:496,1
DA:497,3
DA:498,1
DA:501,2
DA:502,2
DA:509,1
DA:513,1
DA:514,1
DA:516,1
DA:517,3
DA:518,1
DA:520,1
DA:522,1
DA:523,2
DA:525,3
DA:532,1
DA:536,1
DA:537,1
DA:539,1
DA:540,3
DA:541,1
DA:542,3
DA:544,1
DA:545,1
DA:546,2
DA:548,1
DA:549,1
DA:551,1
DA:552,2
DA:553,2
DA:563,1
DA:566,1
DA:567,1
DA:570,1
DA:571,3
DA:572,1
DA:573,3
DA:575,1
DA:577,1
DA:578,2
DA:580,2
DA:587,1
DA:590,1
DA:591,1
DA:594,2
DA:595,1
DA:597,1
DA:598,2
DA:600,2
DA:607,1
DA:611,1
DA:612,1
DA:613,1
DA:614,3
DA:616,3
DA:618,2
DA:624,1
LF:222
LH:220
end_of_record
SF:lib\main.dart
DA:15,0
DA:16,0
DA:18,0
DA:19,0
DA:20,0
DA:21,0
DA:24,0
DA:25,0
DA:27,0
DA:31,1
DA:33,0
DA:34,0
DA:35,0
DA:36,0
DA:39,0
DA:40,0
DA:42,0
DA:43,0
DA:44,0
DA:54,0
DA:57,0
DA:58,0
DA:67,0
DA:69,0
DA:70,0
DA:71,0
DA:72,0
DA:73,0
DA:75,0
DA:76,0
DA:80,0
DA:82,0
DA:83,0
DA:84,0
DA:85,0
DA:86,0
DA:87,0
DA:91,0
DA:92,0
DA:93,0
DA:94,0
DA:95,0
DA:99,0
DA:100,0
DA:101,0
DA:102,0
DA:105,0
DA:106,0
DA:107,0
DA:108,0
DA:110,0
DA:111,0
DA:120,0
DA:122,0
DA:123,0
DA:124,0
DA:127,0
DA:128,0
DA:130,0
DA:131,0
DA:132,0
DA:133,0
DA:134,0
DA:135,0
DA:136,0
DA:137,0
DA:138,0
DA:140,0
DA:141,0
DA:142,0
DA:146,0
DA:148,0
DA:149,0
DA:151,0
DA:152,0
DA:153,0
DA:154,0
DA:155,0
DA:156,0
DA:157,0
DA:158,0
DA:159,0
DA:160,0
DA:161,0
DA:163,0
DA:165,0
DA:166,0
DA:168,0
DA:169,0
DA:172,0
DA:174,0
DA:175,0
DA:176,0
DA:180,0
DA:181,0
DA:187,0
DA:190,0
DA:191,0
DA:192,0
DA:193,0
DA:195,0
DA:196,0
DA:197,0
DA:198,0
DA:199,0
DA:206,0
DA:210,0
DA:212,0
DA:222,0
DA:225,0
DA:240,0
DA:244,0
DA:246,0
DA:248,0
DA:250,0
DA:251,0
DA:252,0
DA:253,0
DA:254,0
DA:255,0
DA:257,0
DA:258,0
DA:259,0
DA:271,0
DA:272,0
DA:283,0
DA:286,0
DA:288,0
DA:289,0
DA:290,0
DA:291,0
DA:297,0
DA:298,0
DA:300,0
DA:301,0
DA:302,0
DA:303,0
DA:307,0
DA:308,0
DA:309,0
DA:310,0
DA:337,1
DA:339,1
DA:340,1
DA:341,1
DA:342,2
DA:343,1
DA:346,1
DA:351,1
DA:352,1
DA:355,1
DA:356,2
DA:357,1
DA:359,1
DA:361,1
DA:373,1
DA:375,1
DA:376,1
DA:416,1
DA:417,1
DA:418,1
DA:420,1
DA:421,3
DA:422,2
DA:426,1
DA:427,4
DA:428,1
DA:431,2
DA:432,2
DA:439,1
DA:441,2
DA:442,1
DA:445,1
DA:446,1
DA:448,1
DA:449,1
DA:450,1
DA:451,1
DA:452,1
DA:453,1
DA:454,1
DA:455,1
DA:456,1
DA:458,1
DA:459,1
DA:461,1
DA:462,1
DA:463,1
DA:464,1
DA:465,1
DA:466,1
DA:467,1
DA:470,2
DA:472,1
DA:474,0
DA:475,0
DA:483,1
DA:484,1
DA:485,1
DA:488,1
DA:489,4
DA:490,1
DA:491,1
DA:492,4
DA:495,1
DA:496,4
DA:497,1
DA:502,3
DA:508,1
DA:510,1
DA:511,1
DA:518,1
DA:519,1
DA:520,1
DA:521,1
DA:522,4
DA:523,2
DA:524,1
DA:531,1
DA:532,1
DA:534,0
DA:535,0
DA:536,0
DA:538,0
DA:539,0
DA:542,0
DA:545,0
DA:549,1
DA:550,1
DA:551,3
DA:553,1
DA:555,1
DA:556,4
DA:559,4
DA:562,1
DA:580,1
DA:600,1
DA:612,1
DA:614,1
DA:615,1
DA:616,1
DA:617,1
DA:619,1
DA:620,2
DA:621,1
DA:622,1
DA:623,1
DA:624,1
DA:625,3
DA:629,1
DA:630,1
DA:637,1
DA:639,1
DA:640,1
DA:641,1
DA:642,1
DA:645,1
DA:646,3
DA:647,1
DA:653,1
DA:654,2
DA:655,1
DA:656,2
DA:661,1
DA:664,1
DA:666,1
DA:667,1
DA:668,1
DA:669,4
DA:671,1
DA:673,1
DA:674,5
DA:676,1
DA:677,2
DA:678,1
DA:683,2
DA:694,1
DA:695,1
DA:696,2
DA:697,1
DA:700,1
DA:701,1
DA:702,1
DA:703,1
DA:706,1
DA:707,3
DA:708,1
DA:710,5
DA:713,1
DA:714,1
DA:715,2
DA:716,1
DA:718,2
DA:727,2
DA:728,1
DA:729,2
DA:730,4
DA:731,1
DA:733,1
DA:736,2
DA:737,1
DA:738,2
DA:739,4
DA:741,1
DA:745,2
DA:746,1
DA:749,1
DA:750,2
DA:751,1
DA:753,1
DA:754,1
DA:755,1
DA:756,1
DA:758,1
DA:760,1
DA:761,3
DA:763,1
DA:781,1
DA:782,4
DA:783,1
DA:784,0
DA:785,0
DA:787,0
DA:791,1
DA:793,1
DA:794,1
DA:796,1
DA:804,1
DA:808,1
DA:809,1
DA:812,1
DA:813,1
DA:814,2
DA:815,1
DA:819,2
DA:821,1
DA:822,2
DA:823,1
DA:824,2
DA:825,1
DA:826,1
DA:827,1
DA:839,0
DA:842,0
DA:843,0
DA:844,0
DA:845,0
DA:846,0
DA:848,0
DA:850,0
DA:851,0
DA:854,0
DA:856,0
DA:858,0
LF:354
LH:190
end_of_record
SF:lib\features\home\group_screen.dart
DA:13,0
DA:14,0
DA:21,0
DA:23,0
DA:25,0
DA:26,0
DA:27,0
DA:31,0
DA:32,0
DA:34,0
DA:35,0
DA:41,0
DA:42,0
DA:43,0
DA:44,0
DA:45,0
DA:49,0
DA:50,0
DA:52,0
DA:53,0
DA:54,0
DA:55,0
DA:56,0
DA:58,0
DA:60,0
DA:64,0
DA:65,0
DA:66,0
DA:67,0
DA:68,0
DA:69,0
DA:70,0
DA:71,0
DA:73,0
DA:74,0
DA:75,0
DA:76,0
DA:77,0
DA:78,0
DA:79,0
DA:80,0
DA:81,0
DA:82,0
DA:83,0
DA:84,0
DA:85,0
DA:87,0
DA:88,0
DA:90,0
DA:91,0
DA:93,0
DA:94,0
DA:96,0
DA:97,0
DA:99,0
DA:100,0
DA:102,0
DA:103,0
DA:105,0
DA:106,0
DA:107,0
DA:110,0
DA:111,0
DA:112,0
DA:113,0
DA:114,0
DA:115,0
DA:117,0
DA:118,0
DA:119,0
DA:120,0
DA:121,0
DA:126,0
DA:127,0
DA:129,0
DA:134,0
DA:136,0
DA:138,0
DA:141,0
DA:142,0
DA:143,0
DA:146,0
DA:149,0
DA:150,0
DA:155,0
DA:156,0
DA:157,0
DA:158,0
DA:163,0
DA:164,0
DA:165,0
DA:166,0
DA:174,0
DA:176,0
DA:186,0
DA:188,0
DA:189,0
DA:190,0
DA:191,0
DA:192,0
DA:193,0
DA:194,0
DA:195,0
DA:196,0
DA:197,0
DA:198,0
DA:201,0
DA:204,0
DA:206,0
DA:208,0
DA:209,0
DA:212,0
DA:214,0
DA:215,0
DA:216,0
DA:217,0
DA:226,0
DA:227,0
DA:229,0
DA:230,0
DA:231,0
DA:232,0
DA:233,0
DA:235,0
DA:236,0
DA:237,0
DA:242,0
DA:243,0
DA:244,0
DA:253,0
DA:255,0
DA:258,0
DA:262,0
DA:263,0
DA:264,0
DA:265,0
DA:266,0
DA:269,0
DA:271,0
DA:272,0
DA:273,0
DA:274,0
DA:275,0
DA:277,0
DA:278,0
DA:279,0
DA:280,0
DA:283,0
DA:285,0
DA:288,0
DA:290,0
DA:291,0
DA:292,0
DA:294,0
DA:300,0
DA:301,0
DA:302,0
DA:303,0
DA:304,0
DA:305,0
DA:307,0
DA:308,0
DA:309,0
DA:310,0
DA:311,0
DA:312,0
DA:313,0
DA:314,0
DA:315,0
DA:317,0
DA:318,0
DA:319,0
DA:321,0
DA:323,0
DA:329,0
DA:330,0
DA:331,0
DA:334,0
DA:338,0
DA:339,0
DA:346,0
DA:354,0
DA:356,0
DA:357,0
DA:359,0
DA:360,0
DA:361,0
DA:367,0
DA:369,0
DA:375,0
DA:377,0
DA:378,0
DA:380,0
DA:381,0
DA:382,0
DA:383,0
DA:385,0
DA:394,0
DA:395,0
DA:396,0
DA:397,0
DA:403,0
DA:405,0
DA:406,0
DA:407,0
DA:408,0
DA:409,0
DA:410,0
DA:411,0
DA:412,0
DA:414,0
DA:417,0
DA:420,0
DA:423,0
DA:426,0
DA:427,0
DA:428,0
DA:430,0
DA:431,0
DA:432,0
DA:437,0
DA:441,0
DA:442,0
DA:443,0
DA:452,0
DA:454,0
DA:455,0
DA:461,0
DA:463,0
DA:464,0
DA:466,0
DA:468,0
DA:469,0
DA:470,0
DA:477,0
DA:478,0
DA:480,0
DA:481,0
DA:483,0
DA:502,0
DA:504,0
DA:505,0
DA:506,0
DA:508,0
DA:512,0
DA:513,0
DA:514,0
DA:515,0
DA:517,0
DA:518,0
DA:519,0
DA:520,0
DA:524,0
DA:526,0
DA:527,0
DA:528,0
DA:529,0
DA:531,0
DA:534,0
DA:535,0
DA:536,0
DA:537,0
DA:538,0
DA:544,0
DA:556,0
DA:557,0
DA:558,0
DA:561,0
DA:563,0
DA:564,0
DA:565,0
DA:566,0
DA:567,0
DA:568,0
DA:569,0
DA:572,0
DA:574,0
DA:575,0
DA:577,0
DA:579,0
DA:580,0
DA:582,0
DA:584,0
DA:585,0
DA:586,0
DA:590,0
DA:592,0
DA:593,0
DA:594,0
DA:598,0
DA:600,0
DA:601,0
DA:602,0
DA:607,0
DA:611,0
DA:612,0
DA:614,0
DA:615,0
DA:616,0
DA:617,0
DA:619,0
DA:620,0
DA:636,0
DA:647,0
DA:648,0
DA:650,0
DA:652,0
DA:653,0
DA:654,0
DA:655,0
DA:657,0
DA:658,0
DA:660,0
DA:663,0
DA:670,1
DA:672,0
DA:674,0
DA:675,0
DA:676,0
DA:677,0
DA:678,0
DA:679,0
DA:680,0
DA:681,0
DA:682,0
DA:685,0
DA:688,0
DA:689,0
DA:690,0
DA:691,0
DA:693,0
DA:694,0
DA:695,0
DA:696,0
DA:697,0
DA:701,0
DA:706,0
DA:724,0
DA:725,0
DA:727,0
DA:730,0
DA:732,0
DA:733,0
DA:734,0
DA:737,0
DA:738,0
DA:743,0
DA:744,0
DA:745,0
DA:748,0
DA:750,0
DA:751,0
DA:752,0
DA:753,0
DA:759,0
DA:760,0
DA:762,0
DA:764,0
DA:768,0
DA:769,0
DA:773,0
DA:776,0
DA:779,0
DA:780,0
DA:781,0
DA:782,0
DA:784,0
DA:785,0
DA:786,0
DA:788,0
DA:789,0
DA:790,0
DA:804,0
DA:806,0
DA:807,0
DA:809,0
DA:822,0
DA:823,0
DA:829,0
DA:831,0
DA:832,0
DA:833,0
DA:834,0
DA:835,0
DA:836,0
DA:837,0
DA:838,0
DA:839,0
DA:841,0
DA:842,0
DA:844,0
DA:845,0
DA:846,0
DA:847,0
DA:853,0
DA:855,0
DA:856,0
DA:858,0
DA:860,0
DA:861,0
DA:862,0
DA:865,0
DA:867,0
DA:873,0
DA:875,0
DA:876,0
DA:881,0
DA:883,0
DA:884,0
DA:885,0
DA:886,0
DA:887,0
DA:888,0
DA:889,0
DA:890,0
DA:891,0
DA:892,0
DA:893,0
DA:897,0
DA:898,0
DA:899,0
DA:901,0
DA:903,0
DA:904,0
DA:906,0
DA:907,0
DA:908,0
DA:910,0
DA:915,0
DA:917,0
DA:919,0
DA:920,0
DA:921,0
DA:922,0
DA:925,0
DA:927,0
DA:932,0
DA:934,0
DA:935,0
DA:936,0
DA:950,0
DA:951,0
DA:952,0
DA:953,0
DA:954,0
DA:955,0
DA:959,0
DA:961,0
DA:962,0
DA:963,0
DA:967,0
DA:968,0
DA:969,0
DA:970,0
DA:971,0
DA:974,0
DA:975,0
DA:976,0
DA:980,0
DA:981,0
DA:983,0
DA:984,0
DA:986,0
DA:988,0
DA:999,0
DA:1001,0
DA:1010,0
DA:1012,0
DA:1013,0
DA:1014,0
DA:1016,0
DA:1018,0
DA:1019,0
DA:1021,0
DA:1023,0
DA:1025,0
DA:1026,0
DA:1027,0
DA:1028,0
DA:1029,0
DA:1031,0
DA:1032,0
DA:1037,0
DA:1039,0
DA:1041,0
DA:1045,0
DA:1054,0
DA:1056,0
DA:1057,0
DA:1058,0
DA:1060,0
DA:1061,0
DA:1063,0
DA:1065,0
DA:1066,0
DA:1067,0
DA:1068,0
DA:1070,0
DA:1072,0
DA:1074,0
DA:1075,0
DA:1080,0
DA:1081,0
DA:1083,0
DA:1086,0
DA:1088,0
DA:1089,0
DA:1090,0
DA:1094,0
DA:1096,0
DA:1098,0
DA:1100,0
DA:1101,0
DA:1102,0
DA:1103,0
DA:1104,0
DA:1105,0
DA:1106,0
DA:1107,0
DA:1108,0
DA:1109,0
DA:1112,0
DA:1114,0
DA:1115,0
DA:1116,0
DA:1117,0
DA:1123,0
DA:1124,0
DA:1126,0
DA:1128,0
DA:1136,0
DA:1137,0
DA:1158,0
DA:1168,0
DA:1170,0
DA:1171,0
DA:1172,0
DA:1174,0
DA:1175,0
DA:1176,0
DA:1177,0
DA:1179,0
DA:1181,0
DA:1185,0
DA:1191,0
DA:1194,0
DA:1195,0
DA:1196,0
DA:1197,0
DA:1198,0
DA:1201,0
DA:1203,0
DA:1204,0
DA:1205,0
DA:1206,0
DA:1207,0
DA:1222,0
DA:1224,0
DA:1225,0
DA:1228,0
DA:1229,0
DA:1230,0
DA:1232,0
DA:1233,0
DA:1235,0
DA:1236,0
DA:1238,0
DA:1246,0
DA:1247,0
DA:1253,0
DA:1254,0
DA:1255,0
DA:1257,0
DA:1258,0
DA:1260,0
DA:1261,0
DA:1262,0
DA:1263,0
DA:1264,0
DA:1265,0
DA:1266,0
DA:1267,0
DA:1268,0
DA:1269,0
DA:1270,0
DA:1271,0
DA:1272,0
DA:1273,0
DA:1275,0
DA:1276,0
DA:1278,0
DA:1280,0
DA:1281,0
DA:1287,0
DA:1288,0
DA:1291,0
DA:1293,0
DA:1294,0
DA:1295,0
DA:1296,0
DA:1298,0
DA:1299,0
DA:1300,0
DA:1306,0
DA:1307,0
DA:1308,0
DA:1313,0
DA:1316,0
DA:1318,0
DA:1320,0
DA:1321,0
DA:1322,0
DA:1326,0
DA:1327,0
DA:1333,0
DA:1334,0
DA:1335,0
DA:1341,0
DA:1343,0
DA:1344,0
DA:1345,0
DA:1346,0
DA:1347,0
DA:1349,0
DA:1350,0
DA:1351,0
DA:1352,0
DA:1355,0
DA:1356,0
DA:1357,0
DA:1358,0
DA:1365,0
DA:1368,0
DA:1369,0
DA:1370,0
DA:1376,0
DA:1377,0
DA:1378,0
DA:1379,0
DA:1381,0
DA:1383,0
DA:1384,0
DA:1388,0
DA:1389,0
DA:1390,0
DA:1392,0
DA:1393,0
DA:1394,0
DA:1395,0
DA:1401,0
DA:1403,0
DA:1404,0
DA:1420,0
DA:1433,0
DA:1435,0
DA:1436,0
DA:1437,0
DA:1438,0
DA:1439,0
DA:1440,0
DA:1442,0
DA:1444,0
DA:1445,0
DA:1446,0
DA:1447,0
DA:1449,0
DA:1451,0
DA:1452,0
DA:1454,0
DA:1457,0
DA:1458,0
DA:1459,0
DA:1473,0
DA:1475,0
DA:1476,0
DA:1478,0
DA:1480,0
DA:1481,0
DA:1482,0
DA:1483,0
DA:1484,0
DA:1485,0
DA:1486,0
DA:1488,0
DA:1489,0
DA:1490,0
DA:1493,0
DA:1496,0
DA:1497,0
DA:1498,0
DA:1503,0
DA:1511,0
DA:1512,0
DA:1519,0
DA:1523,0
DA:1525,0
DA:1526,0
DA:1527,0
DA:1528,0
DA:1529,0
DA:1530,0
DA:1531,0
DA:1532,0
DA:1533,0
DA:1534,0
DA:1535,0
DA:1536,0
DA:1538,0
DA:1540,0
DA:1541,0
DA:1542,0
DA:1543,0
DA:1544,0
DA:1545,0
DA:1546,0
DA:1547,0
DA:1548,0
DA:1549,0
DA:1550,0
DA:1554,0
DA:1555,0
DA:1560,0
DA:1561,0
DA:1567,0
DA:1568,0
DA:1570,0
DA:1571,0
DA:1573,0
DA:1574,0
DA:1575,0
DA:1576,0
DA:1578,0
DA:1579,0
DA:1582,0
DA:1583,0
DA:1585,0
DA:1586,0
DA:1587,0
DA:1588,0
DA:1589,0
DA:1590,0
DA:1591,0
DA:1592,0
DA:1593,0
DA:1594,0
DA:1595,0
DA:1596,0
DA:1597,0
DA:1598,0
DA:1602,0
DA:1603,0
DA:1604,0
LF:752
LH:1
end_of_record
SF:lib\features\home\home_screen.dart
DA:15,1
DA:16,0
DA:24,0
DA:26,0
DA:27,0
DA:30,0
DA:31,0
DA:34,0
DA:36,0
DA:40,0
DA:41,0
DA:42,0
DA:45,0
DA:46,0
DA:48,0
DA:49,0
DA:50,0
DA:51,0
DA:58,0
DA:59,0
DA:60,0
DA:61,0
DA:62,0
DA:65,0
DA:66,0
DA:68,0
DA:69,0
DA:71,0
DA:72,0
DA:74,0
DA:75,0
DA:77,0
DA:78,0
DA:80,0
DA:81,0
DA:83,0
DA:84,0
DA:89,0
DA:90,0
DA:93,0
DA:98,0
DA:100,0
DA:102,0
DA:105,0
DA:106,0
DA:107,0
DA:109,0
DA:110,0
DA:111,0
DA:112,0
DA:121,0
DA:122,0
DA:123,0
DA:124,0
DA:126,0
DA:127,0
DA:128,0
DA:131,0
DA:132,0
DA:133,0
DA:134,0
DA:136,0
DA:137,0
DA:138,0
DA:142,0
DA:146,0
DA:147,0
DA:148,0
DA:149,0
DA:151,0
DA:152,0
DA:153,0
DA:157,0
DA:161,0
DA:162,0
DA:163,0
DA:164,0
DA:165,0
DA:166,0
DA:167,0
DA:171,0
DA:172,0
DA:175,0
DA:176,0
DA:177,0
DA:178,0
DA:180,0
DA:181,0
DA:182,0
DA:183,0
DA:186,0
DA:189,0
DA:190,0
DA:192,0
DA:193,0
DA:195,0
DA:196,0
DA:198,0
DA:199,0
DA:201,0
DA:202,0
DA:204,0
DA:205,0
DA:210,0
DA:212,0
DA:213,0
DA:214,0
DA:216,0
DA:217,0
DA:219,0
DA:221,0
DA:222,0
DA:225,0
DA:230,0
DA:231,0
DA:232,0
DA:233,0
DA:235,0
DA:243,0
DA:248,0
DA:249,0
DA:250,0
DA:251,0
DA:253,0
DA:254,0
DA:255,0
DA:256,0
DA:257,0
DA:259,0
DA:260,0
DA:270,0
DA:272,0
DA:273,0
DA:274,0
DA:275,0
DA:276,0
DA:278,0
DA:279,0
DA:280,0
DA:281,0
DA:283,0
DA:284,0
DA:288,0
DA:290,0
DA:294,0
DA:296,0
DA:300,0
DA:302,0
DA:306,0
DA:311,0
DA:312,0
DA:316,0
DA:317,0
DA:323,0
DA:326,0
DA:327,0
DA:328,0
DA:329,0
DA:331,0
DA:332,0
DA:333,0
DA:334,0
DA:335,0
DA:336,0
DA:337,0
DA:338,0
DA:340,0
DA:343,0
DA:346,0
DA:347,0
DA:348,0
DA:349,0
DA:350,0
DA:352,0
DA:353,0
DA:354,0
DA:355,0
DA:356,0
DA:357,0
DA:358,0
DA:359,0
DA:361,0
DA:364,0
DA:368,0
DA:369,0
DA:370,0
DA:373,0
DA:374,0
DA:375,0
DA:376,0
DA:378,0
DA:380,0
DA:381,0
DA:383,0
DA:385,0
DA:386,0
DA:387,0
DA:389,0
DA:390,0
DA:391,0
DA:394,0
DA:396,0
DA:400,0
DA:402,0
DA:411,0
DA:412,0
DA:416,0
DA:417,0
DA:418,0
DA:419,0
DA:420,0
DA:423,0
DA:425,0
DA:428,0
DA:429,0
DA:443,0
DA:445,0
DA:448,0
DA:449,0
DA:450,0
DA:451,0
DA:452,0
DA:458,0
DA:459,0
DA:460,0
DA:465,0
DA:466,0
DA:468,0
DA:469,0
DA:471,0
DA:472,0
DA:473,0
DA:476,0
DA:477,0
DA:489,0
DA:491,0
DA:492,0
DA:493,0
DA:494,0
DA:495,0
DA:499,0
DA:500,0
DA:501,0
DA:502,0
DA:503,0
DA:508,0
DA:512,0
DA:514,0
DA:519,0
DA:520,0
DA:521,0
DA:522,0
DA:527,0
DA:528,0
DA:531,0
DA:533,0
DA:534,0
DA:540,0
DA:541,0
DA:542,0
DA:543,0
DA:545,0
DA:546,0
DA:547,0
DA:548,0
DA:549,0
DA:550,0
DA:551,0
DA:552,0
DA:554,0
DA:558,0
DA:559,0
DA:560,0
DA:569,0
DA:571,0
DA:574,0
DA:575,0
DA:576,0
DA:577,0
DA:581,0
DA:582,0
DA:583,0
DA:584,0
DA:585,0
DA:588,0
DA:589,0
DA:592,0
DA:593,0
DA:594,0
DA:596,0
DA:598,0
DA:603,0
DA:604,0
DA:605,0
DA:607,0
DA:611,0
DA:612,0
DA:613,0
DA:615,0
DA:619,0
DA:621,0
DA:629,0
DA:630,0
DA:632,0
DA:633,0
DA:634,0
DA:635,0
DA:636,0
DA:637,0
DA:638,0
DA:640,0
DA:641,0
DA:642,0
DA:644,0
DA:646,0
DA:650,0
DA:651,0
DA:652,0
DA:654,0
DA:655,0
DA:656,0
DA:658,0
DA:659,0
DA:661,0
DA:662,0
DA:664,0
DA:665,0
DA:666,0
DA:669,0
DA:670,0
DA:673,0
DA:676,0
DA:677,0
DA:678,0
DA:679,0
DA:686,0
DA:687,0
DA:688,0
DA:689,0
DA:696,0
DA:708,0
DA:709,0
DA:711,0
DA:712,0
DA:713,0
DA:714,0
DA:716,0
DA:717,0
DA:718,0
DA:719,0
DA:720,0
DA:721,0
DA:722,0
DA:728,0
DA:730,0
DA:731,0
DA:733,0
DA:734,0
DA:751,0
DA:752,0
DA:762,0
DA:764,0
DA:765,0
DA:766,0
DA:767,0
DA:770,0
DA:771,0
DA:772,0
DA:776,0
DA:777,0
DA:778,0
DA:780,0
DA:781,0
DA:782,0
DA:783,0
DA:784,0
DA:785,0
DA:788,0
DA:790,0
DA:794,0
DA:795,0
DA:796,0
DA:797,0
DA:798,0
DA:799,0
DA:800,0
DA:804,0
DA:805,0
DA:806,0
DA:807,0
DA:808,0
DA:812,0
DA:813,0
DA:814,0
DA:815,0
DA:816,0
DA:817,0
DA:820,0
DA:821,0
DA:822,0
DA:825,0
DA:826,0
DA:828,0
DA:829,0
DA:830,0
DA:834,0
DA:836,0
DA:837,0
DA:838,0
DA:839,0
DA:846,0
DA:850,0
DA:857,0
DA:858,0
DA:861,0
DA:862,0
DA:863,0
DA:864,0
DA:865,0
DA:866,0
DA:867,0
DA:868,0
DA:869,0
DA:870,0
DA:871,0
DA:872,0
DA:873,0
DA:874,0
DA:875,0
DA:878,0
DA:880,0
DA:882,0
DA:884,0
DA:885,0
DA:886,0
DA:888,0
DA:890,0
DA:892,0
DA:894,0
DA:896,0
DA:897,0
DA:900,0
DA:901,0
DA:902,0
DA:904,0
DA:905,0
DA:910,0
DA:919,1
DA:920,0
DA:921,0
DA:927,0
DA:929,0
DA:930,0
DA:933,0
DA:935,0
DA:936,0
DA:937,0
DA:940,0
DA:941,0
DA:945,0
DA:946,0
DA:947,0
DA:948,0
DA:949,0
DA:950,0
DA:954,0
DA:955,0
DA:957,0
DA:958,0
DA:959,0
DA:960,0
DA:961,0
DA:963,0
DA:964,0
DA:968,0
DA:969,0
DA:970,0
DA:971,0
DA:972,0
DA:975,0
DA:976,0
DA:978,0
DA:981,0
DA:982,0
DA:983,0
DA:984,0
DA:986,0
DA:988,0
DA:989,0
DA:991,0
DA:993,0
DA:999,0
DA:1001,0
DA:1002,0
DA:1003,0
DA:1004,0
DA:1005,0
DA:1006,0
DA:1008,0
DA:1010,0
DA:1011,0
DA:1014,0
DA:1015,0
DA:1016,0
DA:1018,0
DA:1021,0
DA:1022,0
DA:1024,0
DA:1025,0
DA:1026,0
DA:1027,0
DA:1028,0
DA:1029,0
DA:1030,0
DA:1031,0
DA:1036,0
DA:1037,0
DA:1038,0
DA:1043,0
DA:1045,0
DA:1046,0
DA:1047,0
LF:522
LH:2
end_of_record
SF:lib\features\home\reference_pages.dart
DA:13,0
DA:26,0
DA:28,0
DA:29,0
DA:30,0
DA:31,0
DA:32,0
DA:33,0
DA:34,0
DA:35,0
DA:36,0
DA:38,0
DA:39,0
DA:40,0
DA:44,0
DA:45,0
DA:47,0
DA:49,0
DA:50,0
DA:51,0
DA:53,0
DA:66,0
DA:68,0
DA:74,0
DA:85,0
DA:86,0
DA:87,0
DA:88,0
DA:99,0
DA:100,0
DA:113,0
DA:114,0
DA:115,0
DA:117,0
DA:121,0
DA:122,0
DA:128,0
DA:129,0
DA:130,0
DA:131,0
DA:132,0
DA:133,0
DA:134,0
DA:135,0
DA:136,0
DA:137,0
DA:138,0
DA:139,0
DA:141,0
DA:146,0
DA:151,0
DA:152,0
DA:153,0
DA:164,0
DA:182,0
DA:183,0
DA:184,0
DA:185,0
DA:188,0
DA:190,0
DA:191,0
DA:192,0
DA:193,0
DA:195,0
DA:199,0
DA:201,0
DA:204,0
DA:205,0
DA:206,0
DA:207,0
DA:209,0
DA:212,0
DA:223,0
DA:237,0
DA:239,0
DA:240,0
DA:241,0
DA:242,0
DA:243,0
DA:244,0
DA:246,0
DA:247,0
DA:248,0
DA:249,0
DA:250,0
DA:251,0
DA:255,0
DA:256,0
DA:257,0
DA:258,0
DA:259,0
DA:261,0
DA:262,0
DA:264,0
DA:265,0
DA:267,0
DA:271,0
DA:273,0
DA:274,0
DA:275,0
DA:277,0
DA:278,0
DA:286,0
DA:287,0
DA:288,0
DA:291,0
DA:294,0
DA:301,0
DA:303,0
DA:304,0
DA:305,0
DA:306,0
DA:307,0
DA:308,0
DA:322,0
DA:331,0
DA:332,0
DA:340,0
DA:342,0
DA:343,0
DA:346,0
DA:348,0
DA:349,0
DA:352,0
DA:353,0
DA:354,0
DA:355,0
DA:358,0
DA:359,0
DA:360,0
DA:361,0
DA:362,0
DA:366,0
DA:367,0
DA:370,0
DA:371,0
DA:372,0
DA:373,0
DA:374,0
DA:378,0
DA:379,0
DA:380,0
DA:381,0
DA:382,0
DA:386,0
DA:388,0
DA:389,0
DA:390,0
DA:391,0
DA:394,0
DA:395,0
DA:404,0
DA:405,0
DA:406,0
DA:407,0
DA:408,0
DA:409,0
DA:412,0
DA:413,0
DA:414,0
DA:415,0
DA:418,0
DA:419,0
DA:422,0
DA:423,0
DA:425,0
DA:431,0
DA:432,0
DA:433,0
DA:434,0
DA:435,0
DA:436,0
DA:437,0
DA:441,0
DA:442,0
DA:443,0
DA:444,0
DA:445,0
DA:446,0
DA:448,0
DA:449,0
DA:450,0
DA:451,0
DA:455,0
DA:457,0
DA:458,0
DA:465,0
DA:466,0
DA:473,0
DA:474,0
DA:475,0
DA:476,0
DA:485,0
DA:486,0
DA:497,0
DA:499,0
DA:501,0
DA:502,0
DA:503,0
DA:504,0
DA:510,0
DA:511,0
DA:516,0
DA:521,0
DA:523,0
DA:525,0
DA:526,0
DA:527,0
DA:528,0
DA:530,0
DA:534,0
DA:535,0
DA:537,0
DA:550,0
DA:563,0
DA:564,0
DA:565,0
DA:566,0
DA:569,0
DA:571,0
DA:572,0
DA:574,0
DA:577,0
DA:578,0
DA:579,0
DA:580,0
DA:582,0
DA:585,0
DA:596,0
DA:601,0
DA:603,0
DA:604,0
DA:607,0
DA:609,0
DA:610,0
DA:611,0
DA:613,0
DA:614,0
DA:616,0
DA:619,0
DA:621,0
DA:622,0
DA:624,0
DA:626,0
DA:636,0
DA:641,0
DA:643,0
DA:644,0
DA:645,0
DA:646,0
DA:647,0
DA:648,0
DA:649,0
DA:650,0
DA:651,0
DA:652,0
DA:653,0
DA:654,0
DA:655,0
DA:656,0
DA:657,0
DA:658,0
DA:659,0
DA:660,0
DA:661,0
DA:662,0
DA:663,0
DA:664,0
DA:665,0
DA:669,0
DA:670,0
DA:674,0
DA:678,0
DA:680,0
DA:681,0
DA:682,0
DA:684,0
DA:686,0
DA:687,0
DA:688,0
DA:689,0
DA:690,0
DA:691,0
DA:692,0
DA:693,0
DA:695,0
DA:697,0
DA:698,0
DA:700,0
DA:701,0
DA:702,0
DA:704,0
DA:705,0
DA:706,0
DA:708,0
DA:711,0
DA:713,0
DA:718,0
DA:719,0
DA:722,0
DA:728,0
DA:735,0
DA:739,0
DA:740,0
DA:746,0
DA:748,0
DA:749,0
DA:752,0
DA:754,0
DA:755,0
DA:756,0
DA:757,0
DA:762,0
DA:763,0
DA:764,0
DA:767,0
DA:768,0
DA:770,0
DA:771,0
DA:772,0
DA:773,0
DA:774,0
DA:776,0
DA:778,0
DA:782,0
DA:783,0
DA:784,0
DA:785,0
DA:786,0
DA:787,0
DA:788,0
DA:790,0
DA:791,0
DA:792,0
DA:793,0
DA:796,0
DA:808,0
DA:810,0
DA:811,0
DA:813,0
DA:824,0
DA:829,0
DA:833,0
DA:834,0
DA:835,0
DA:836,0
DA:837,0
DA:838,0
DA:839,0
DA:840,0
DA:841,0
DA:842,0
DA:843,0
DA:844,0
DA:845,0
DA:846,0
DA:848,0
DA:849,0
DA:851,0
DA:852,0
DA:854,0
DA:856,0
DA:857,0
DA:858,0
DA:859,0
DA:862,0
DA:864,0
DA:865,0
DA:866,0
DA:868,0
DA:874,0
DA:875,0
DA:877,0
DA:878,0
DA:879,0
DA:880,0
DA:883,0
DA:885,0
DA:886,0
DA:887,0
DA:888,0
DA:890,0
DA:892,0
DA:898,0
DA:900,0
DA:901,0
DA:903,0
DA:905,0
DA:906,0
DA:907,0
DA:909,0
DA:910,0
DA:911,0
DA:923,0
DA:928,0
DA:931,0
DA:932,0
DA:938,0
DA:940,0
DA:941,0
DA:944,0
DA:946,0
DA:947,0
DA:948,0
DA:949,0
DA:954,0
DA:955,0
DA:956,0
DA:959,0
DA:960,0
DA:962,0
DA:963,0
DA:964,0
DA:965,0
DA:966,0
DA:968,0
DA:970,0
DA:971,0
DA:972,0
DA:973,0
DA:974,0
DA:975,0
DA:976,0
DA:977,0
DA:978,0
DA:979,0
DA:980,0
DA:981,0
DA:982,0
DA:983,0
DA:986,0
DA:987,0
DA:988,0
DA:990,0
DA:991,0
DA:994,0
DA:997,0
DA:998,0
DA:999,0
DA:1003,0
DA:1008,0
DA:1014,0
DA:1016,0
DA:1018,0
DA:1019,0
DA:1021,0
DA:1022,0
DA:1023,0
DA:1026,0
DA:1027,0
DA:1028,0
DA:1033,0
DA:1034,0
DA:1036,0
DA:1039,0
DA:1048,0
DA:1050,0
DA:1052,0
DA:1053,0
DA:1054,0
DA:1058,0
DA:1061,0
DA:1065,0
DA:1068,0
DA:1072,0
DA:1075,0
DA:1079,0
DA:1080,0
DA:1082,0
DA:1083,0
DA:1086,0
DA:1090,0
DA:1094,0
DA:1100,0
DA:1101,0
DA:1102,0
DA:1103,0
DA:1107,0
DA:1122,0
DA:1127,0
DA:1133,0
DA:1134,0
DA:1135,0
DA:1136,0
DA:1139,0
DA:1140,0
DA:1142,0
LF:487
LH:0
end_of_record
